mode: set
CollaborativeStory/colab/story/getStories.go:18.51,19.54 1 1
CollaborativeStory/colab/story/getStories.go:19.54,27.31 5 1
CollaborativeStory/colab/story/getStories.go:40.3,40.32 1 1
CollaborativeStory/colab/story/getStories.go:50.3,50.30 1 1
CollaborativeStory/colab/story/getStories.go:63.3,63.31 1 1
CollaborativeStory/colab/story/getStories.go:76.3,77.17 2 1
CollaborativeStory/colab/story/getStories.go:83.3,84.17 2 1
CollaborativeStory/colab/story/getStories.go:90.3,90.144 1 1
CollaborativeStory/colab/story/getStories.go:27.31,29.18 2 1
CollaborativeStory/colab/story/getStories.go:29.18,34.5 4 1
CollaborativeStory/colab/story/getStories.go:35.9,38.4 1 1
CollaborativeStory/colab/story/getStories.go:40.32,42.18 2 1
CollaborativeStory/colab/story/getStories.go:42.18,47.5 4 1
CollaborativeStory/colab/story/getStories.go:50.30,51.57 1 1
CollaborativeStory/colab/story/getStories.go:51.57,53.5 1 0
CollaborativeStory/colab/story/getStories.go:53.10,57.5 3 1
CollaborativeStory/colab/story/getStories.go:58.9,61.4 1 1
CollaborativeStory/colab/story/getStories.go:63.31,64.60 1 1
CollaborativeStory/colab/story/getStories.go:64.60,66.5 1 0
CollaborativeStory/colab/story/getStories.go:66.10,70.5 3 1
CollaborativeStory/colab/story/getStories.go:71.9,74.4 1 1
CollaborativeStory/colab/story/getStories.go:77.17,82.4 4 0
CollaborativeStory/colab/story/getStories.go:84.17,89.4 4 0
CollaborativeStory/colab/story/getStory.go:14.49,15.54 1 1
CollaborativeStory/colab/story/getStory.go:15.54,22.17 4 1
CollaborativeStory/colab/story/getStory.go:28.3,28.23 1 1
CollaborativeStory/colab/story/getStory.go:35.3,35.34 1 1
CollaborativeStory/colab/story/getStory.go:71.3,72.17 2 1
CollaborativeStory/colab/story/getStory.go:78.3,79.44 2 1
CollaborativeStory/colab/story/getStory.go:22.17,27.4 4 0
CollaborativeStory/colab/story/getStory.go:28.23,32.4 3 1
CollaborativeStory/colab/story/getStory.go:35.34,38.34 2 1
CollaborativeStory/colab/story/getStory.go:44.4,45.18 2 1
CollaborativeStory/colab/story/getStory.go:52.4,52.37 1 1
CollaborativeStory/colab/story/getStory.go:38.34,40.5 1 0
CollaborativeStory/colab/story/getStory.go:40.10,42.5 1 1
CollaborativeStory/colab/story/getStory.go:45.18,50.5 4 0
CollaborativeStory/colab/story/getStory.go:52.37,53.28 1 1
CollaborativeStory/colab/story/getStory.go:59.5,60.19 2 1
CollaborativeStory/colab/story/getStory.go:67.5,67.58 1 1
CollaborativeStory/colab/story/getStory.go:53.28,55.6 1 0
CollaborativeStory/colab/story/getStory.go:55.11,57.6 1 1
CollaborativeStory/colab/story/getStory.go:60.19,65.6 4 0
CollaborativeStory/colab/story/getStory.go:72.17,77.4 4 0
CollaborativeStory/colab/story/postStory.go:13.50,14.54 1 1
CollaborativeStory/colab/story/postStory.go:14.54,18.17 3 1
CollaborativeStory/colab/story/postStory.go:25.3,27.54 2 1
CollaborativeStory/colab/story/postStory.go:34.3,35.17 2 1
CollaborativeStory/colab/story/postStory.go:42.3,43.24 2 1
CollaborativeStory/colab/story/postStory.go:125.3,128.17 3 1
CollaborativeStory/colab/story/postStory.go:134.3,134.42 1 1
CollaborativeStory/colab/story/postStory.go:18.17,23.4 4 0
CollaborativeStory/colab/story/postStory.go:27.54,31.4 3 1
CollaborativeStory/colab/story/postStory.go:35.17,40.4 4 0
CollaborativeStory/colab/story/postStory.go:43.24,46.18 2 1
CollaborativeStory/colab/story/postStory.go:53.4,55.34 3 1
CollaborativeStory/colab/story/postStory.go:46.18,51.5 4 0
CollaborativeStory/colab/story/postStory.go:56.9,57.69 1 0
CollaborativeStory/colab/story/postStory.go:57.69,60.19 2 0
CollaborativeStory/colab/story/postStory.go:67.5,69.35 3 0
CollaborativeStory/colab/story/postStory.go:60.19,65.6 4 0
CollaborativeStory/colab/story/postStory.go:70.10,73.19 2 0
CollaborativeStory/colab/story/postStory.go:81.5,82.19 2 0
CollaborativeStory/colab/story/postStory.go:89.5,89.34 1 0
CollaborativeStory/colab/story/postStory.go:100.5,100.77 1 0
CollaborativeStory/colab/story/postStory.go:112.5,113.19 2 0
CollaborativeStory/colab/story/postStory.go:119.5,121.37 3 0
CollaborativeStory/colab/story/postStory.go:73.19,78.6 4 0
CollaborativeStory/colab/story/postStory.go:82.19,87.6 4 0
CollaborativeStory/colab/story/postStory.go:89.34,92.20 2 0
CollaborativeStory/colab/story/postStory.go:92.20,97.7 4 0
CollaborativeStory/colab/story/postStory.go:100.77,103.20 2 0
CollaborativeStory/colab/story/postStory.go:103.20,108.7 4 0
CollaborativeStory/colab/story/postStory.go:113.19,118.6 4 0
CollaborativeStory/colab/story/postStory.go:128.17,133.4 4 0
CollaborativeStory/colab/story/story.go:21.37,23.2 1 0
